<?xml version="1.0" encoding="UTF-8"?>
<testsuite xmlns:xsi="http://www.w3.org/2001/XMLSchema-instance" xsi:noNamespaceSchemaLocation="https://maven.apache.org/surefire/maven-surefire-plugin/xsd/surefire-test-report.xsd" name="com.project.com.runmyfirsttestonjenkins.AppTest" time="0.058" tests="1" errors="0" skipped="0" failures="0">
  <properties>
    <property name="sun.desktop" value="windows"/>
    <property name="awt.toolkit" value="sun.awt.windows.WToolkit"/>
    <property name="file.encoding.pkg" value="sun.io"/>
    <property name="java.specification.version" value="1.8"/>
    <property name="sun.cpu.isalist" value="pentium_pro+mmx pentium_pro pentium+mmx pentium i486 i386 i86"/>
    <property name="sun.jnu.encoding" value="Cp1252"/>
    <property name="java.class.path" value="C:\Users\Vijay Krishnan\eclipse-workspace\com.runmyfirsttestonjenkins\target\test-classes;C:\Users\Vijay Krishnan\eclipse-workspace\com.runmyfirsttestonjenkins\target\classes;C:\Users\Vijay Krishnan\.m2\repository\junit\junit\4.11\junit-4.11.jar;C:\Users\Vijay Krishnan\.m2\repository\org\hamcrest\hamcrest-core\1.3\hamcrest-core-1.3.jar;"/>
    <property name="java.vm.vendor" value="Oracle Corporation"/>
    <property name="sun.arch.data.model" value="32"/>
    <property name="user.variant" value=""/>
    <property name="java.vendor.url" value="http://java.oracle.com/"/>
    <property name="user.timezone" value="Asia/Calcutta"/>
    <property name="java.vm.specification.version" value="1.8"/>
    <property name="os.name" value="Windows 10"/>
    <property name="user.country" value="IN"/>
    <property name="sun.java.launcher" value="SUN_STANDARD"/>
    <property name="sun.boot.library.path" value="C:\Program Files (x86)\Java\jre1.8.0_281\bin"/>
    <property name="sun.java.command" value="C:\Users\VIJAYK~1\AppData\Local\Temp\surefire5162216617728668909\surefirebooter2878828703165829445.jar C:\Users\Vijay Krishnan\AppData\Local\Temp\surefire5162216617728668909 2021-05-16T19-59-12_175-jvmRun1 surefire8326731580113604782tmp surefire_04865287941723489485tmp"/>
    <property name="surefire.test.class.path" value="C:\Users\Vijay Krishnan\eclipse-workspace\com.runmyfirsttestonjenkins\target\test-classes;C:\Users\Vijay Krishnan\eclipse-workspace\com.runmyfirsttestonjenkins\target\classes;C:\Users\Vijay Krishnan\.m2\repository\junit\junit\4.11\junit-4.11.jar;C:\Users\Vijay Krishnan\.m2\repository\org\hamcrest\hamcrest-core\1.3\hamcrest-core-1.3.jar;"/>
    <property name="sun.cpu.endian" value="little"/>
    <property name="user.home" value="C:\Users\Vijay Krishnan"/>
    <property name="user.language" value="en"/>
    <property name="java.specification.vendor" value="Oracle Corporation"/>
    <property name="java.home" value="C:\Program Files (x86)\Java\jre1.8.0_281"/>
    <property name="basedir" value="C:\Users\Vijay Krishnan\eclipse-workspace\com.runmyfirsttestonjenkins"/>
    <property name="file.separator" value="\"/>
    <property name="line.separator" value="&#10;"/>
    <property name="java.vm.specification.vendor" value="Oracle Corporation"/>
    <property name="java.specification.name" value="Java Platform API Specification"/>
    <property name="java.awt.graphicsenv" value="sun.awt.Win32GraphicsEnvironment"/>
    <property name="surefire.real.class.path" value="C:\Users\VIJAYK~1\AppData\Local\Temp\surefire5162216617728668909\surefirebooter2878828703165829445.jar"/>
    <property name="sun.boot.class.path" value="C:\Program Files (x86)\Java\jre1.8.0_281\lib\resources.jar;C:\Program Files (x86)\Java\jre1.8.0_281\lib\rt.jar;C:\Program Files (x86)\Java\jre1.8.0_281\lib\sunrsasign.jar;C:\Program Files (x86)\Java\jre1.8.0_281\lib\jsse.jar;C:\Program Files (x86)\Java\jre1.8.0_281\lib\jce.jar;C:\Program Files (x86)\Java\jre1.8.0_281\lib\charsets.jar;C:\Program Files (x86)\Java\jre1.8.0_281\lib\jfr.jar;C:\Program Files (x86)\Java\jre1.8.0_281\classes"/>
    <property name="user.script" value=""/>
    <property name="sun.management.compiler" value="HotSpot Client Compiler"/>
    <property name="java.runtime.version" value="1.8.0_281-b09"/>
    <property name="user.name" value="Vijay Krishnan"/>
    <property name="path.separator" value=";"/>
    <property name="os.version" value="10.0"/>
    <property name="java.endorsed.dirs" value="C:\Program Files (x86)\Java\jre1.8.0_281\lib\endorsed"/>
    <property name="java.runtime.name" value="Java(TM) SE Runtime Environment"/>
    <property name="file.encoding" value="Cp1252"/>
    <property name="java.vm.name" value="Java HotSpot(TM) Client VM"/>
    <property name="localRepository" value="C:\Users\Vijay Krishnan\.m2\repository"/>
    <property name="java.vendor.url.bug" value="http://bugreport.sun.com/bugreport/"/>
    <property name="java.io.tmpdir" value="C:\Users\VIJAYK~1\AppData\Local\Temp\"/>
    <property name="java.version" value="1.8.0_281"/>
    <property name="user.dir" value="C:\Users\Vijay Krishnan\eclipse-workspace\com.runmyfirsttestonjenkins"/>
    <property name="os.arch" value="x86"/>
    <property name="java.vm.specification.name" value="Java Virtual Machine Specification"/>
    <property name="java.awt.printerjob" value="sun.awt.windows.WPrinterJob"/>
    <property name="sun.os.patch.level" value=""/>
    <property name="java.library.path" value="C:\Program Files (x86)\Java\jre1.8.0_281\bin;C:\WINDOWS\Sun\Java\bin;C:\WINDOWS\system32;C:\WINDOWS;C:\Users\Vijay Krishnan\.jenkins\tools\hudson.tasks.Maven_MavenInstallation\TestMavenRun/bin;C:\Program Files (x86)\Common Files\Oracle\Java\javapath;C:\WINDOWS\system32;C:\WINDOWS;C:\WINDOWS\System32\Wbem;C:\WINDOWS\System32\WindowsPowerShell\v1.0\;C:\WINDOWS\System32\OpenSSH\;C:\Program Files\Git\cmd;C:\Users\Vijay Krishnan\Desktop\DesktoP\software\apache-maven-3.8.1\bin;C:\Program Files\Java\jdk-10.0.1\bin;C:\Users\Vijay Krishnan\AppData\Local\Microsoft\WindowsApps;."/>
    <property name="java.vm.info" value="mixed mode, sharing"/>
    <property name="java.vendor" value="Oracle Corporation"/>
    <property name="java.vm.version" value="25.281-b09"/>
    <property name="java.ext.dirs" value="C:\Program Files (x86)\Java\jre1.8.0_281\lib\ext;C:\WINDOWS\Sun\Java\lib\ext"/>
    <property name="sun.io.unicode.encoding" value="UnicodeLittle"/>
    <property name="java.class.version" value="52.0"/>
  </properties>
  <testcase name="shouldAnswerWithTrue" classname="com.project.com.runmyfirsttestonjenkins.AppTest" time="0.002"/>
</testsuite>