<?xml version="1.0" encoding="UTF-8"?>
<!-- Generated by org.testng.reporters.JUnitReportReporter -->
<testsuite hostname="LAPTOP-VTJRF8KI" failures="0" tests="1" name="com.project.com.runmyfirsttestonjenkins.MyTestJenkins" time="0.014" errors="0" timestamp="2021-05-16T12:05:40 IST" skipped="0">
  <testcase classname="com.project.com.runmyfirsttestonjenkins.MyTestJenkins" name="RunPom" time="0.014"/>
  <system-out/>
</testsuite> <!-- com.project.com.runmyfirsttestonjenkins.MyTestJenkins -->
