<?xml version="1.0" encoding="UTF-8"?>
<!-- Generated by org.testng.reporters.JUnitReportReporter -->
<testsuite hostname="LAPTOP-VTJRF8KI" failures="0" tests="1" name="com.project.com.runmyfirsttestonjenkins.MyTestJenkins" time="59.838" errors="0" timestamp="2021-05-16T20:34:38 IST" skipped="0">
  <testcase classname="com.project.com.runmyfirsttestonjenkins.MyTestJenkins" name="RunPom" time="59.838"/>
  <system-out/>
</testsuite> <!-- com.project.com.runmyfirsttestonjenkins.MyTestJenkins -->
